<?xml version="1.0" encoding="UTF-8"?>
<testng-results skipped="0" failed="0" total="1" passed="1">
  <reporter-output>
  </reporter-output>
  <suite name="Default suite" duration-ms="929" started-at="2019-05-20T11:40:49Z" finished-at="2019-05-20T11:40:50Z">
    <groups>
    </groups>
    <test name="Default test" duration-ms="929" started-at="2019-05-20T11:40:49Z" finished-at="2019-05-20T11:40:50Z">
      <class name="com.scrapPlant.functions.execution">
        <test-method status="PASS" signature="beforeTest()[pri:0, instance:com.scrapPlant.functions.execution@43e9089]" name="beforeTest" is-config="true" duration-ms="46" started-at="2019-05-20T17:10:49Z" finished-at="2019-05-20T17:10:49Z">
          <reporter-output>
          </reporter-output>
        </test-method> <!-- beforeTest -->
        <test-method status="PASS" signature="Execution()[pri:0, instance:com.scrapPlant.functions.execution@43e9089]" name="Execution" duration-ms="738" started-at="2019-05-20T17:10:49Z" finished-at="2019-05-20T17:10:50Z">
          <reporter-output>
          </reporter-output>
        </test-method> <!-- Execution -->
        <test-method status="PASS" signature="afterTest()[pri:0, instance:com.scrapPlant.functions.execution@43e9089]" name="afterTest" is-config="true" duration-ms="1" started-at="2019-05-20T17:10:50Z" finished-at="2019-05-20T17:10:50Z">
          <reporter-output>
          </reporter-output>
        </test-method> <!-- afterTest -->
      </class> <!-- com.scrapPlant.functions.execution -->
    </test> <!-- Default test -->
  </suite> <!-- Default suite -->
</testng-results>
